# JRE version: Java(TM) SE Runtime Environment (8.0_221-b11) (build 1.8.0_221-b11)
# Java VM: Java HotSpot(TM) 64-Bit Server VM (25.221-b11 mixed mode windows-amd64 compressed oops)
Heap:
 PSYoungGen      total 23552K, used 19151K [0x00000000eb700000, 0x00000000ede80000, 0x0000000100000000)
  eden space 15872K, 76% used [0x00000000eb700000,0x00000000ec2cf398,0x00000000ec680000)
  from space 7680K, 91% used [0x00000000ec680000,0x00000000ecd64b08,0x00000000ece00000)
  to   space 8704K, 0% used [0x00000000ed600000,0x00000000ed600000,0x00000000ede80000)
 ParOldGen       total 38400K, used 10579K [0x00000000c2400000, 0x00000000c4980000, 0x00000000eb700000)
  object space 38400K, 27% used [0x00000000c2400000,0x00000000c2e54ec0,0x00000000c4980000)
 Metaspace       used 26579K, capacity 27430K, committed 27568K, reserved 1073152K
  class space    used 3235K, capacity 3456K, committed 3504K, reserved 1048576K
GC Heap History (10 events):
Event: 8.779 GC heap before
{Heap before GC invocations=4 (full 0):
 PSYoungGen      total 18432K, used 18411K [0x00000000eb700000, 0x00000000ecb80000, 0x0000000100000000)
  eden space 15872K, 100% used [0x00000000eb700000,0x00000000ec680000,0x00000000ec680000)
  from space 2560K, 99% used [0x00000000ec680000,0x00000000ec8fae20,0x00000000ec900000)
  to   space 2560K, 0% used [0x00000000ec900000,0x00000000ec900000,0x00000000ecb80000)
 ParOldGen       total 42496K, used 6200K [0x00000000c2400000, 0x00000000c4d80000, 0x00000000eb700000)
  object space 42496K, 14% used [0x00000000c2400000,0x00000000c2a0e2f8,0x00000000c4d80000)
 Metaspace       used 19061K, capacity 19510K, committed 19712K, reserved 1067008K
  class space    used 2069K, capacity 2224K, committed 2304K, reserved 1048576K
Event: 8.791 GC heap after
Heap after GC invocations=4 (full 0):
 PSYoungGen      total 18432K, used 2560K [0x00000000eb700000, 0x00000000ecb80000, 0x0000000100000000)
  eden space 15872K, 0% used [0x00000000eb700000,0x00000000eb700000,0x00000000ec680000)
  from space 2560K, 100% used [0x00000000ec900000,0x00000000ecb80000,0x00000000ecb80000)
  to   space 2560K, 0% used [0x00000000ec680000,0x00000000ec680000,0x00000000ec900000)
 ParOldGen       total 42496K, used 8900K [0x00000000c2400000, 0x00000000c4d80000, 0x00000000eb700000)
  object space 42496K, 20% used [0x00000000c2400000,0x00000000c2cb1068,0x00000000c4d80000)
 Metaspace       used 19061K, capacity 19510K, committed 19712K, reserved 1067008K
  class space    used 2069K, capacity 2224K, committed 2304K, reserved 1048576K
}
Event: 9.567 GC heap before
{Heap before GC invocations=5 (full 0):
 PSYoungGen      total 18432K, used 9896K [0x00000000eb700000, 0x00000000ecb80000, 0x0000000100000000)
  eden space 15872K, 46% used [0x00000000eb700000,0x00000000ebe2a1c0,0x00000000ec680000)
  from space 2560K, 100% used [0x00000000ec900000,0x00000000ecb80000,0x00000000ecb80000)
  to   space 2560K, 0% used [0x00000000ec680000,0x00000000ec680000,0x00000000ec900000)
 ParOldGen       total 42496K, used 8900K [0x00000000c2400000, 0x00000000c4d80000, 0x00000000eb700000)
  object space 42496K, 20% used [0x00000000c2400000,0x00000000c2cb1068,0x00000000c4d80000)
 Metaspace       used 20754K, capacity 21196K, committed 21296K, reserved 1069056K
  class space    used 2436K, capacity 2601K, committed 2608K, reserved 1048576K
Event: 9.575 GC heap after
Heap after GC invocations=5 (full 0):
 PSYoungGen      total 18432K, used 2560K [0x00000000eb700000, 0x00000000ed580000, 0x0000000100000000)
  eden space 15872K, 0% used [0x00000000eb700000,0x00000000eb700000,0x00000000ec680000)
  from space 2560K, 100% used [0x00000000ec680000,0x00000000ec900000,0x00000000ec900000)
  to   space 7680K, 0% used [0x00000000ece00000,0x00000000ece00000,0x00000000ed580000)
 ParOldGen       total 42496K, used 9982K [0x00000000c2400000, 0x00000000c4d80000, 0x00000000eb700000)
  object space 42496K, 23% used [0x00000000c2400000,0x00000000c2dbfa50,0x00000000c4d80000)
 Metaspace       used 20754K, capacity 21196K, committed 21296K, reserved 1069056K
  class space    used 2436K, capacity 2601K, committed 2608K, reserved 1048576K
}
Event: 9.575 GC heap before
{Heap before GC invocations=6 (full 1):
 PSYoungGen      total 18432K, used 2560K [0x00000000eb700000, 0x00000000ed580000, 0x0000000100000000)
  eden space 15872K, 0% used [0x00000000eb700000,0x00000000eb700000,0x00000000ec680000)
  from space 2560K, 100% used [0x00000000ec680000,0x00000000ec900000,0x00000000ec900000)
  to   space 7680K, 0% used [0x00000000ece00000,0x00000000ece00000,0x00000000ed580000)
 ParOldGen       total 42496K, used 9982K [0x00000000c2400000, 0x00000000c4d80000, 0x00000000eb700000)
  object space 42496K, 23% used [0x00000000c2400000,0x00000000c2dbfa50,0x00000000c4d80000)
 Metaspace       used 20754K, capacity 21196K, committed 21296K, reserved 1069056K
  class space    used 2436K, capacity 2601K, committed 2608K, reserved 1048576K
Event: 9.639 GC heap after
Heap after GC invocations=6 (full 1):
 PSYoungGen      total 18432K, used 0K [0x00000000eb700000, 0x00000000ed580000, 0x0000000100000000)
  eden space 15872K, 0% used [0x00000000eb700000,0x00000000eb700000,0x00000000ec680000)
  from space 2560K, 0% used [0x00000000ec680000,0x00000000ec680000,0x00000000ec900000)
  to   space 7680K, 0% used [0x00000000ece00000,0x00000000ece00000,0x00000000ed580000)
 ParOldGen       total 38400K, used 10563K [0x00000000c2400000, 0x00000000c4980000, 0x00000000eb700000)
  object space 38400K, 27% used [0x00000000c2400000,0x00000000c2e50ec0,0x00000000c4980000)
 Metaspace       used 20754K, capacity 21196K, committed 21296K, reserved 1069056K
  class space    used 2436K, capacity 2601K, committed 2608K, reserved 1048576K
}
Event: 30.578 GC heap before
{Heap before GC invocations=7 (full 1):
 PSYoungGen      total 18432K, used 15872K [0x00000000eb700000, 0x00000000ed580000, 0x0000000100000000)
  eden space 15872K, 100% used [0x00000000eb700000,0x00000000ec680000,0x00000000ec680000)
  from space 2560K, 0% used [0x00000000ec680000,0x00000000ec680000,0x00000000ec900000)
  to   space 7680K, 0% used [0x00000000ece00000,0x00000000ece00000,0x00000000ed580000)
 ParOldGen       total 38400K, used 10563K [0x00000000c2400000, 0x00000000c4980000, 0x00000000eb700000)
  object space 38400K, 27% used [0x00000000c2400000,0x00000000c2e50ec0,0x00000000c4980000)
 Metaspace       used 24565K, capacity 25288K, committed 25648K, reserved 1071104K
  class space    used 3033K, capacity 3265K, committed 3376K, reserved 1048576K
Event: 30.588 GC heap after
Heap after GC invocations=7 (full 1):
 PSYoungGen      total 23552K, used 2418K [0x00000000eb700000, 0x00000000edd80000, 0x0000000100000000)
  eden space 15872K, 0% used [0x00000000eb700000,0x00000000eb700000,0x00000000ec680000)
  from space 7680K, 31% used [0x00000000ece00000,0x00000000ed05cb18,0x00000000ed580000)
  to   space 7680K, 0% used [0x00000000ec680000,0x00000000ec680000,0x00000000ece00000)
 ParOldGen       total 38400K, used 10571K [0x00000000c2400000, 0x00000000c4980000, 0x00000000eb700000)
  object space 38400K, 27% used [0x00000000c2400000,0x00000000c2e52ec0,0x00000000c4980000)
 Metaspace       used 24565K, capacity 25288K, committed 25648K, reserved 1071104K
  class space    used 3033K, capacity 3265K, committed 3376K, reserved 1048576K
}
Event: 41.816 GC heap before
{Heap before GC invocations=8 (full 1):
 PSYoungGen      total 23552K, used 18281K [0x00000000eb700000, 0x00000000edd80000, 0x0000000100000000)
  eden space 15872K, 99% used [0x00000000eb700000,0x00000000ec67da00,0x00000000ec680000)
  from space 7680K, 31% used [0x00000000ece00000,0x00000000ed05cb18,0x00000000ed580000)
  to   space 7680K, 0% used [0x00000000ec680000,0x00000000ec680000,0x00000000ece00000)
 ParOldGen       total 38400K, used 10571K [0x00000000c2400000, 0x00000000c4980000, 0x00000000eb700000)
  object space 38400K, 27% used [0x00000000c2400000,0x00000000c2e52ec0,0x00000000c4980000)
 Metaspace       used 25798K, capacity 26632K, committed 26800K, reserved 1073152K
  class space    used 3170K, capacity 3389K, committed 3504K, reserved 1048576K
Event: 41.822 GC heap after
Heap after GC invocations=8 (full 1):
 PSYoungGen      total 23552K, used 7058K [0x00000000eb700000, 0x00000000ede80000, 0x0000000100000000)
  eden space 15872K, 0% used [0x00000000eb700000,0x00000000eb700000,0x00000000ec680000)
  from space 7680K, 91% used [0x00000000ec680000,0x00000000ecd64b08,0x00000000ece00000)
  to   space 8704K, 0% used [0x00000000ed600000,0x00000000ed600000,0x00000000ede80000)
 ParOldGen       total 38400K, used 10579K [0x00000000c2400000, 0x00000000c4980000, 0x00000000eb700000)
  object space 38400K, 27% used [0x00000000c2400000,0x00000000c2e54ec0,0x00000000c4980000)
 Metaspace       used 25798K, capacity 26632K, committed 26800K, reserved 1073152K
  class space    used 3170K, capacity 3389K, committed 3504K, reserved 1048576K
}

